<?xml version="1.0" encoding="UTF-8"?>
<testng-results skipped="0" failed="1" ignored="0" total="4" passed="3">
  <reporter-output>
  </reporter-output>
  <suite name="Suite" duration-ms="13809" started-at="2021-06-15T19:09:30Z" finished-at="2021-06-15T19:09:43Z">
    <groups>
    </groups>
    <test name="Validating Title" duration-ms="12200" started-at="2021-06-15T19:09:30Z" finished-at="2021-06-15T19:09:42Z">
      <class name="Academy.E2EProject.validateTitle">
        <test-method status="PASS" signature="initialize()[pri:0, instance:Academy.E2EProject.validateTitle@7a675056]" name="initialize" is-config="true" duration-ms="10249" started-at="2021-06-15T19:09:30Z" finished-at="2021-06-15T19:09:40Z">
          <reporter-output>
          </reporter-output>
        </test-method> <!-- initialize -->
        <test-method status="FAIL" signature="basePageNavigation3()[pri:0, instance:Academy.E2EProject.validateTitle@7a675056]" name="basePageNavigation3" duration-ms="42" started-at="2021-06-15T19:09:40Z" finished-at="2021-06-15T19:09:40Z">
          <exception class="java.lang.AssertionError">
            <message>
              <![CDATA[expected [FEATURED COURSESdf] but found [FEATURED COURSES]]]>
            </message>
            <full-stacktrace>
              <![CDATA[java.lang.AssertionError: expected [FEATURED COURSESdf] but found [FEATURED COURSES]
at org.testng.Assert.fail(Assert.java:96)
at org.testng.Assert.failNotEquals(Assert.java:776)
at org.testng.Assert.assertEqualsImpl(Assert.java:137)
at org.testng.Assert.assertEquals(Assert.java:118)
at org.testng.Assert.assertEquals(Assert.java:453)
at org.testng.Assert.assertEquals(Assert.java:463)
at Academy.E2EProject.validateTitle.basePageNavigation3(validateTitle.java:26)
at sun.reflect.NativeMethodAccessorImpl.invoke0(Native Method)
at sun.reflect.NativeMethodAccessorImpl.invoke(Unknown Source)
at sun.reflect.DelegatingMethodAccessorImpl.invoke(Unknown Source)
at java.lang.reflect.Method.invoke(Unknown Source)
at org.testng.internal.MethodInvocationHelper.invokeMethod(MethodInvocationHelper.java:124)
at org.testng.internal.Invoker.invokeMethod(Invoker.java:583)
at org.testng.internal.Invoker.invokeTestMethod(Invoker.java:719)
at org.testng.internal.Invoker.invokeTestMethods(Invoker.java:989)
at org.testng.internal.TestMethodWorker.invokeTestMethods(TestMethodWorker.java:125)
at org.testng.internal.TestMethodWorker.run(TestMethodWorker.java:109)
at org.testng.TestRunner.privateRun(TestRunner.java:648)
at org.testng.TestRunner.run(TestRunner.java:505)
at org.testng.SuiteRunner.runTest(SuiteRunner.java:455)
at org.testng.SuiteRunner.access$000(SuiteRunner.java:40)
at org.testng.SuiteRunner$SuiteWorker.run(SuiteRunner.java:489)
at org.testng.internal.thread.ThreadUtil$1.call(ThreadUtil.java:52)
at java.util.concurrent.FutureTask.run(Unknown Source)
at java.util.concurrent.ThreadPoolExecutor.runWorker(Unknown Source)
at java.util.concurrent.ThreadPoolExecutor$Worker.run(Unknown Source)
at java.lang.Thread.run(Unknown Source)
]]>
            </full-stacktrace>
          </exception> <!-- java.lang.AssertionError -->
          <reporter-output>
          </reporter-output>
        </test-method> <!-- basePageNavigation3 -->
        <test-method status="PASS" signature="teardown()[pri:0, instance:Academy.E2EProject.validateTitle@7a675056]" name="teardown" is-config="true" duration-ms="1460" started-at="2021-06-15T19:09:40Z" finished-at="2021-06-15T19:09:42Z">
          <reporter-output>
          </reporter-output>
        </test-method> <!-- teardown -->
      </class> <!-- Academy.E2EProject.validateTitle -->
    </test> <!-- Validating Title -->
    <test name="Validating Navigation Bar" duration-ms="12870" started-at="2021-06-15T19:09:30Z" finished-at="2021-06-15T19:09:42Z">
      <class name="Academy.E2EProject.validateNavigationBar">
        <test-method status="PASS" signature="initialize()[pri:0, instance:Academy.E2EProject.validateNavigationBar@5ab9e72c]" name="initialize" is-config="true" duration-ms="12366" started-at="2021-06-15T19:09:30Z" finished-at="2021-06-15T19:09:42Z">
          <reporter-output>
          </reporter-output>
        </test-method> <!-- initialize -->
        <test-method status="PASS" signature="basePageNavigation2()[pri:0, instance:Academy.E2EProject.validateNavigationBar@5ab9e72c]" name="basePageNavigation2" duration-ms="392" started-at="2021-06-15T19:09:42Z" finished-at="2021-06-15T19:09:42Z">
          <reporter-output>
          </reporter-output>
        </test-method> <!-- basePageNavigation2 -->
        <test-method status="PASS" signature="teardown()[pri:0, instance:Academy.E2EProject.validateNavigationBar@5ab9e72c]" name="teardown" is-config="true" duration-ms="109" started-at="2021-06-15T19:09:42Z" finished-at="2021-06-15T19:09:42Z">
          <reporter-output>
          </reporter-output>
        </test-method> <!-- teardown -->
      </class> <!-- Academy.E2EProject.validateNavigationBar -->
    </test> <!-- Validating Navigation Bar -->
    <test name="Validating Login" duration-ms="13809" started-at="2021-06-15T19:09:30Z" finished-at="2021-06-15T19:09:43Z">
      <class name="Academy.E2EProject.HomePage">
        <test-method status="PASS" signature="initialize()[pri:0, instance:Academy.E2EProject.HomePage@60015ef5]" name="initialize" is-config="true" duration-ms="2939" started-at="2021-06-15T19:09:30Z" finished-at="2021-06-15T19:09:32Z">
          <reporter-output>
          </reporter-output>
        </test-method> <!-- initialize -->
        <test-method status="PASS" signature="basePageNavigation1(java.lang.String, java.lang.String)[pri:0, instance:Academy.E2EProject.HomePage@60015ef5]" name="basePageNavigation1" duration-ms="8898" started-at="2021-06-15T19:09:32Z" data-provider="getData" finished-at="2021-06-15T19:09:41Z">
          <params>
            <param index="0">
              <value>
                <![CDATA[abc@qw.com]]>
              </value>
            </param>
            <param index="1">
              <value>
                <![CDATA[123456]]>
              </value>
            </param>
          </params>
          <reporter-output>
          </reporter-output>
        </test-method> <!-- basePageNavigation1 -->
        <test-method status="PASS" signature="basePageNavigation1(java.lang.String, java.lang.String)[pri:0, instance:Academy.E2EProject.HomePage@60015ef5]" name="basePageNavigation1" duration-ms="1819" started-at="2021-06-15T19:09:41Z" data-provider="getData" finished-at="2021-06-15T19:09:43Z">
          <params>
            <param index="0">
              <value>
                <![CDATA[xyz@gm.com]]>
              </value>
            </param>
            <param index="1">
              <value>
                <![CDATA[234567]]>
              </value>
            </param>
          </params>
          <reporter-output>
          </reporter-output>
        </test-method> <!-- basePageNavigation1 -->
        <test-method status="PASS" signature="teardown()[pri:0, instance:Academy.E2EProject.HomePage@60015ef5]" name="teardown" is-config="true" duration-ms="123" started-at="2021-06-15T19:09:43Z" finished-at="2021-06-15T19:09:43Z">
          <reporter-output>
          </reporter-output>
        </test-method> <!-- teardown -->
      </class> <!-- Academy.E2EProject.HomePage -->
    </test> <!-- Validating Login -->
  </suite> <!-- Suite -->
</testng-results>
